<?xml version="1.0" encoding="UTF-8"?>
<!-- Generated by org.testng.reporters.JUnitReportReporter -->
<testsuite hostname="DESKTOP-V9858QE" failures="0" tests="1" name="testCases.TC002_LoginTest" time="5.629" errors="0" timestamp="2025-04-18T17:58:07 IST" skipped="0">
  <testcase classname="testCases.TC002_LoginTest" name="verify_login" time="5.629"/>
</testsuite> <!-- testCases.TC002_LoginTest -->
