<?xml version="1.0" encoding="UTF-8"?>
<!-- Generated by org.testng.reporters.JUnitReportReporter -->
<testsuite hostname="DESKTOP-V9858QE" failures="0" tests="1" name="testCases.TC001_AccountRegistraionTest" time="17.075" errors="0" timestamp="2025-04-19T17:37:14 IST" skipped="0">
  <testcase classname="testCases.TC001_AccountRegistraionTest" name="verify_account_registration" time="17.075"/>
</testsuite> <!-- testCases.TC001_AccountRegistraionTest -->
